Analysis & Synthesis report for ECE_272_Design_Project
Fri Jun 04 17:05:45 2021
Quartus Prime Version 18.0.0 Build 614 04/24/2018 SJ Lite Edition


---------------------
; Table of Contents ;
---------------------
  1. Legal Notice
  2. Analysis & Synthesis Summary
  3. Analysis & Synthesis Settings
  4. Parallel Compilation
  5. Analysis & Synthesis Messages



----------------
; Legal Notice ;
----------------
Copyright (C) 2018  Intel Corporation. All rights reserved.
Your use of Intel Corporation's design tools, logic functions 
and other software and tools, and its AMPP partner logic 
functions, and any output files from any of the foregoing 
(including device programming or simulation files), and any 
associated documentation or information are expressly subject 
to the terms and conditions of the Intel Program License 
Subscription Agreement, the Intel Quartus Prime License Agreement,
the Intel FPGA IP License Agreement, or other applicable license
agreement, including, without limitation, that your use is for
the sole purpose of programming logic devices manufactured by
Intel and sold by Intel or its authorized distributors.  Please
refer to the applicable agreement for further details.



+----------------------------------------------------------------------------------+
; Analysis & Synthesis Summary                                                     ;
+------------------------------------+---------------------------------------------+
; Analysis & Synthesis Status        ; Failed - Fri Jun 04 17:05:45 2021           ;
; Quartus Prime Version              ; 18.0.0 Build 614 04/24/2018 SJ Lite Edition ;
; Revision Name                      ; ECE_272_Design_Project                      ;
; Top-level Entity Name              ; ECE_272_Design_Project                      ;
; Family                             ; MAX 10                                      ;
; Total logic elements               ; N/A until Partition Merge                   ;
;     Total combinational functions  ; N/A until Partition Merge                   ;
;     Dedicated logic registers      ; N/A until Partition Merge                   ;
; Total registers                    ; N/A until Partition Merge                   ;
; Total pins                         ; N/A until Partition Merge                   ;
; Total virtual pins                 ; N/A until Partition Merge                   ;
; Total memory bits                  ; N/A until Partition Merge                   ;
; Embedded Multiplier 9-bit elements ; N/A until Partition Merge                   ;
; Total PLLs                         ; N/A until Partition Merge                   ;
; UFM blocks                         ; N/A until Partition Merge                   ;
; ADC blocks                         ; N/A until Partition Merge                   ;
+------------------------------------+---------------------------------------------+


+--------------------------------------------------------------------------------------------------------------------+
; Analysis & Synthesis Settings                                                                                      ;
+------------------------------------------------------------------+------------------------+------------------------+
; Option                                                           ; Setting                ; Default Value          ;
+------------------------------------------------------------------+------------------------+------------------------+
; Device                                                           ; 10M50DAF484C7G         ;                        ;
; Top-level entity name                                            ; ECE_272_Design_Project ; ECE_272_Design_Project ;
; Family name                                                      ; MAX 10                 ; Cyclone V              ;
; Use smart compilation                                            ; Off                    ; Off                    ;
; Enable parallel Assembler and Timing Analyzer during compilation ; On                     ; On                     ;
; Enable compact report table                                      ; Off                    ; Off                    ;
; Restructure Multiplexers                                         ; Auto                   ; Auto                   ;
; Create Debugging Nodes for IP Cores                              ; Off                    ; Off                    ;
; Preserve fewer node names                                        ; On                     ; On                     ;
; Intel FPGA IP Evaluation Mode                                    ; Enable                 ; Enable                 ;
; Verilog Version                                                  ; Verilog_2001           ; Verilog_2001           ;
; VHDL Version                                                     ; VHDL_1993              ; VHDL_1993              ;
; State Machine Processing                                         ; Auto                   ; Auto                   ;
; Safe State Machine                                               ; Off                    ; Off                    ;
; Extract Verilog State Machines                                   ; On                     ; On                     ;
; Extract VHDL State Machines                                      ; On                     ; On                     ;
; Ignore Verilog initial constructs                                ; Off                    ; Off                    ;
; Iteration limit for constant Verilog loops                       ; 5000                   ; 5000                   ;
; Iteration limit for non-constant Verilog loops                   ; 250                    ; 250                    ;
; Add Pass-Through Logic to Inferred RAMs                          ; On                     ; On                     ;
; Infer RAMs from Raw Logic                                        ; On                     ; On                     ;
; Parallel Synthesis                                               ; On                     ; On                     ;
; DSP Block Balancing                                              ; Auto                   ; Auto                   ;
; NOT Gate Push-Back                                               ; On                     ; On                     ;
; Power-Up Don't Care                                              ; On                     ; On                     ;
; Remove Redundant Logic Cells                                     ; Off                    ; Off                    ;
; Remove Duplicate Registers                                       ; On                     ; On                     ;
; Ignore CARRY Buffers                                             ; Off                    ; Off                    ;
; Ignore CASCADE Buffers                                           ; Off                    ; Off                    ;
; Ignore GLOBAL Buffers                                            ; Off                    ; Off                    ;
; Ignore ROW GLOBAL Buffers                                        ; Off                    ; Off                    ;
; Ignore LCELL Buffers                                             ; Off                    ; Off                    ;
; Ignore SOFT Buffers                                              ; On                     ; On                     ;
; Limit AHDL Integers to 32 Bits                                   ; Off                    ; Off                    ;
; Optimization Technique                                           ; Balanced               ; Balanced               ;
; Carry Chain Length                                               ; 70                     ; 70                     ;
; Auto Carry Chains                                                ; On                     ; On                     ;
; Auto Open-Drain Pins                                             ; On                     ; On                     ;
; Perform WYSIWYG Primitive Resynthesis                            ; Off                    ; Off                    ;
; Auto ROM Replacement                                             ; On                     ; On                     ;
; Auto RAM Replacement                                             ; On                     ; On                     ;
; Auto DSP Block Replacement                                       ; On                     ; On                     ;
; Auto Shift Register Replacement                                  ; Auto                   ; Auto                   ;
; Allow Shift Register Merging across Hierarchies                  ; Auto                   ; Auto                   ;
; Auto Clock Enable Replacement                                    ; On                     ; On                     ;
; Strict RAM Replacement                                           ; Off                    ; Off                    ;
; Allow Synchronous Control Signals                                ; On                     ; On                     ;
; Force Use of Synchronous Clear Signals                           ; Off                    ; Off                    ;
; Auto RAM Block Balancing                                         ; On                     ; On                     ;
; Auto RAM to Logic Cell Conversion                                ; Off                    ; Off                    ;
; Auto Resource Sharing                                            ; Off                    ; Off                    ;
; Allow Any RAM Size For Recognition                               ; Off                    ; Off                    ;
; Allow Any ROM Size For Recognition                               ; Off                    ; Off                    ;
; Allow Any Shift Register Size For Recognition                    ; Off                    ; Off                    ;
; Use LogicLock Constraints during Resource Balancing              ; On                     ; On                     ;
; Ignore translate_off and synthesis_off directives                ; Off                    ; Off                    ;
; Timing-Driven Synthesis                                          ; On                     ; On                     ;
; Report Parameter Settings                                        ; On                     ; On                     ;
; Report Source Assignments                                        ; On                     ; On                     ;
; Report Connectivity Checks                                       ; On                     ; On                     ;
; Ignore Maximum Fan-Out Assignments                               ; Off                    ; Off                    ;
; Synchronization Register Chain Length                            ; 2                      ; 2                      ;
; Power Optimization During Synthesis                              ; Normal compilation     ; Normal compilation     ;
; HDL message level                                                ; Level2                 ; Level2                 ;
; Suppress Register Optimization Related Messages                  ; Off                    ; Off                    ;
; Number of Removed Registers Reported in Synthesis Report         ; 5000                   ; 5000                   ;
; Number of Swept Nodes Reported in Synthesis Report               ; 5000                   ; 5000                   ;
; Number of Inverted Registers Reported in Synthesis Report        ; 100                    ; 100                    ;
; Clock MUX Protection                                             ; On                     ; On                     ;
; Auto Gated Clock Conversion                                      ; Off                    ; Off                    ;
; Block Design Naming                                              ; Auto                   ; Auto                   ;
; SDC constraint protection                                        ; Off                    ; Off                    ;
; Synthesis Effort                                                 ; Auto                   ; Auto                   ;
; Shift Register Replacement - Allow Asynchronous Clear Signal     ; On                     ; On                     ;
; Pre-Mapping Resynthesis Optimization                             ; Off                    ; Off                    ;
; Analysis & Synthesis Message Level                               ; Medium                 ; Medium                 ;
; Disable Register Merging Across Hierarchies                      ; Auto                   ; Auto                   ;
; Resource Aware Inference For Block RAM                           ; On                     ; On                     ;
+------------------------------------------------------------------+------------------------+------------------------+


+------------------------------------------+
; Parallel Compilation                     ;
+----------------------------+-------------+
; Processors                 ; Number      ;
+----------------------------+-------------+
; Number detected on machine ; 12          ;
; Maximum allowed            ; 6           ;
;                            ;             ;
; Average used               ; 1.00        ;
; Maximum used               ; 1           ;
;                            ;             ;
; Usage by Processor         ; % Time Used ;
;     Processor 1            ; 100.0%      ;
+----------------------------+-------------+


+-------------------------------+
; Analysis & Synthesis Messages ;
+-------------------------------+
Info: *******************************************************************
Info: Running Quartus Prime Analysis & Synthesis
    Info: Version 18.0.0 Build 614 04/24/2018 SJ Lite Edition
    Info: Processing started: Fri Jun 04 17:05:37 2021
Info: Command: quartus_map --read_settings_files=on --write_settings_files=off ECE_272_Design_Project -c ECE_272_Design_Project
Warning (18236): Number of processors has not been specified which may cause overloading on shared machines.  Set the global assignment NUM_PARALLEL_PROCESSORS in your QSF to an appropriate value for best performance.
Info (20030): Parallel compilation is enabled and will use 6 of the 6 processors detected
Info (12021): Found 1 design units, including 1 entities, in source file /github/school/ece-271-design-project/systemverilog/synchronizer.sv
    Info (12023): Found entity 1: Sync File: D:/GitHub/School/ECE-271-Design-Project/SystemVerilog/synchronizer.sv Line: 1
Info (12021): Found 1 design units, including 1 entities, in source file /github/school/ece-271-design-project/systemverilog/shiftregister.sv
    Info (12023): Found entity 1: ShiftRegister File: D:/GitHub/School/ECE-271-Design-Project/SystemVerilog/ShiftRegister.sv Line: 1
Info (12021): Found 1 design units, including 1 entities, in source file /github/school/ece-271-design-project/systemverilog/sevseg display decorder.sv
    Info (12023): Found entity 1: sevSegDecoder File: D:/GitHub/School/ECE-271-Design-Project/SystemVerilog/SevSeg Display Decorder.sv Line: 1
Info (12021): Found 1 design units, including 1 entities, in source file /github/school/ece-271-design-project/systemverilog/roll.sv
    Info (12023): Found entity 1: Roll File: D:/GitHub/School/ECE-271-Design-Project/SystemVerilog/Roll.sv Line: 1
Info (12021): Found 1 design units, including 1 entities, in source file /github/school/ece-271-design-project/systemverilog/prng.sv
    Info (12023): Found entity 1: prng File: D:/GitHub/School/ECE-271-Design-Project/SystemVerilog/PRNG.sv Line: 1
Info (12021): Found 1 design units, including 1 entities, in source file /github/school/ece-271-design-project/systemverilog/parser.sv
    Info (12023): Found entity 1: parser File: D:/GitHub/School/ECE-271-Design-Project/SystemVerilog/parser.sv Line: 1
Info (12021): Found 1 design units, including 1 entities, in source file /github/school/ece-271-design-project/systemverilog/mux2.sv
    Info (12023): Found entity 1: mux2 File: D:/GitHub/School/ECE-271-Design-Project/SystemVerilog/Mux2.sv Line: 1
Info (12021): Found 1 design units, including 1 entities, in source file /github/school/ece-271-design-project/systemverilog/modulator.sv
    Info (12023): Found entity 1: modulator File: D:/GitHub/School/ECE-271-Design-Project/SystemVerilog/modulator.sv Line: 1
Info (12021): Found 1 design units, including 1 entities, in source file /github/school/ece-271-design-project/systemverilog/displaycontroller.sv
    Info (12023): Found entity 1: DisplayController File: D:/GitHub/School/ECE-271-Design-Project/SystemVerilog/DisplayController.sv Line: 1
Info (12021): Found 1 design units, including 1 entities, in source file /github/school/ece-271-design-project/systemverilog/dicemachine.sv
    Info (12023): Found entity 1: DiceMachine File: D:/GitHub/School/ECE-271-Design-Project/SystemVerilog/DiceMachine.sv Line: 1
Info (12021): Found 1 design units, including 1 entities, in source file /github/school/ece-271-design-project/systemverilog/dflipflop.sv
    Info (12023): Found entity 1: DFlipFlop File: D:/GitHub/School/ECE-271-Design-Project/SystemVerilog/DFlipFlop.sv Line: 1
Info (12021): Found 1 design units, including 1 entities, in source file /github/school/ece-271-design-project/systemverilog/counter.sv
    Info (12023): Found entity 1: counter File: D:/GitHub/School/ECE-271-Design-Project/SystemVerilog/Counter.sv Line: 1
Info (12021): Found 1 design units, including 1 entities, in source file ece_272_design_project.bdf
    Info (12023): Found entity 1: ECE_272_Design_Project
Info (12127): Elaborating entity "ECE_272_Design_Project" for the top level hierarchy
Info (12128): Elaborating entity "DiceMachine" for hierarchy "DiceMachine:inst"
Info (12128): Elaborating entity "modulator" for hierarchy "DiceMachine:inst|modulator:CM" File: D:/GitHub/School/ECE-271-Design-Project/SystemVerilog/DiceMachine.sv Line: 20
Info (12128): Elaborating entity "counter" for hierarchy "DiceMachine:inst|modulator:CM|counter:count" File: D:/GitHub/School/ECE-271-Design-Project/SystemVerilog/modulator.sv Line: 13
Warning (10230): Verilog HDL assignment warning at Counter.sv(9): truncated value with size 32 to match size of target (24) File: D:/GitHub/School/ECE-271-Design-Project/SystemVerilog/Counter.sv Line: 9
Info (12128): Elaborating entity "Roll" for hierarchy "DiceMachine:inst|Roll:RF" File: D:/GitHub/School/ECE-271-Design-Project/SystemVerilog/DiceMachine.sv Line: 28
Warning (10855): Verilog HDL warning at Roll.sv(19): initial value for variable LED should be constant File: D:/GitHub/School/ECE-271-Design-Project/SystemVerilog/Roll.sv Line: 19
Warning (10034): Output port "LED" at Roll.sv(6) has no driver File: D:/GitHub/School/ECE-271-Design-Project/SystemVerilog/Roll.sv Line: 6
Info (12128): Elaborating entity "ShiftRegister" for hierarchy "DiceMachine:inst|Roll:RF|ShiftRegister:SR" File: D:/GitHub/School/ECE-271-Design-Project/SystemVerilog/Roll.sv Line: 15
Info (12128): Elaborating entity "prng" for hierarchy "DiceMachine:inst|prng:PRNG" File: D:/GitHub/School/ECE-271-Design-Project/SystemVerilog/DiceMachine.sv Line: 35
Info (12128): Elaborating entity "parser" for hierarchy "DiceMachine:inst|parser:P" File: D:/GitHub/School/ECE-271-Design-Project/SystemVerilog/DiceMachine.sv Line: 46
Warning (10230): Verilog HDL assignment warning at parser.sv(4): truncated value with size 32 to match size of target (4) File: D:/GitHub/School/ECE-271-Design-Project/SystemVerilog/parser.sv Line: 4
Warning (10230): Verilog HDL assignment warning at parser.sv(5): truncated value with size 32 to match size of target (4) File: D:/GitHub/School/ECE-271-Design-Project/SystemVerilog/parser.sv Line: 5
Warning (10230): Verilog HDL assignment warning at parser.sv(6): truncated value with size 32 to match size of target (4) File: D:/GitHub/School/ECE-271-Design-Project/SystemVerilog/parser.sv Line: 6
Warning (10230): Verilog HDL assignment warning at parser.sv(7): truncated value with size 32 to match size of target (4) File: D:/GitHub/School/ECE-271-Design-Project/SystemVerilog/parser.sv Line: 7
Warning (10230): Verilog HDL assignment warning at parser.sv(8): truncated value with size 32 to match size of target (4) File: D:/GitHub/School/ECE-271-Design-Project/SystemVerilog/parser.sv Line: 8
Warning (10230): Verilog HDL assignment warning at parser.sv(9): truncated value with size 32 to match size of target (4) File: D:/GitHub/School/ECE-271-Design-Project/SystemVerilog/parser.sv Line: 9
Info (12128): Elaborating entity "DisplayController" for hierarchy "DiceMachine:inst|DisplayController:DC0" File: D:/GitHub/School/ECE-271-Design-Project/SystemVerilog/DiceMachine.sv Line: 56
Info (12128): Elaborating entity "sevSegDecoder" for hierarchy "DiceMachine:inst|DisplayController:DC0|sevSegDecoder:SSD" File: D:/GitHub/School/ECE-271-Design-Project/SystemVerilog/DisplayController.sv Line: 15
Info (12128): Elaborating entity "mux2" for hierarchy "DiceMachine:inst|DisplayController:DC0|mux2:Mux" File: D:/GitHub/School/ECE-271-Design-Project/SystemVerilog/DisplayController.sv Line: 22
Info (12128): Elaborating entity "DFlipFlop" for hierarchy "DiceMachine:inst|DisplayController:DC0|DFlipFlop:DFF" File: D:/GitHub/School/ECE-271-Design-Project/SystemVerilog/DisplayController.sv Line: 31
Error (12006): Node instance "SYNC" instantiates undefined entity "sync". Ensure that required library paths are specified correctly, define the specified entity, or change the instantiation. If this entity represents Intel FPGA or third-party IP, generate the synthesis files for the IP. File: D:/GitHub/School/ECE-271-Design-Project/SystemVerilog/modulator.sv Line: 19
Error: Quartus Prime Analysis & Synthesis was unsuccessful. 1 error, 10 warnings
    Error: Peak virtual memory: 4706 megabytes
    Error: Processing ended: Fri Jun 04 17:05:45 2021
    Error: Elapsed time: 00:00:08
    Error: Total CPU time (on all processors): 00:00:18


